0 info it worked if it ends with ok
1 verbose cli [ 'C:\\Program Files\\nodejs\\\\node.exe',
1 verbose cli   'C:\\Program Files\\nodejs\\node_modules\\npm\\bin\\npm-cli.js',
1 verbose cli   'install' ]
2 info using npm@1.4.28
3 info using node@v0.10.33
4 verbose node symlink C:\Program Files\nodejs\\node.exe
5 warn package.json naive@ No repository field.
6 warn package.json naive@ No README data
7 verbose readDependencies using package.json deps
8 verbose install where, deps [ 'C:\\Users\\Ganesha\\Desktop\\server',
8 verbose install   [ 'express', 'mangoose' ] ]
9 info preinstall naive@
10 verbose readDependencies using package.json deps
11 verbose already installed skipping express@~4.13.1 C:\Users\Ganesha\Desktop\server
12 verbose cache add [ 'mangoose@~3.8.1', null ]
13 verbose cache add name=undefined spec="mangoose@~3.8.1" args=["mangoose@~3.8.1",null]
14 verbose parsed url { protocol: null,
14 verbose parsed url   slashes: null,
14 verbose parsed url   auth: null,
14 verbose parsed url   host: null,
14 verbose parsed url   port: null,
14 verbose parsed url   hostname: null,
14 verbose parsed url   hash: null,
14 verbose parsed url   search: null,
14 verbose parsed url   query: null,
14 verbose parsed url   pathname: 'mangoose@~3.8.1',
14 verbose parsed url   path: 'mangoose@~3.8.1',
14 verbose parsed url   href: 'mangoose@~3.8.1' }
15 verbose cache add name="mangoose" spec="~3.8.1" args=["mangoose","~3.8.1"]
16 verbose parsed url { protocol: null,
16 verbose parsed url   slashes: null,
16 verbose parsed url   auth: null,
16 verbose parsed url   host: null,
16 verbose parsed url   port: null,
16 verbose parsed url   hostname: null,
16 verbose parsed url   hash: null,
16 verbose parsed url   search: null,
16 verbose parsed url   query: null,
16 verbose parsed url   pathname: '~3.8.1',
16 verbose parsed url   path: '~3.8.1',
16 verbose parsed url   href: '~3.8.1' }
17 verbose addNamed [ 'mangoose', '~3.8.1' ]
18 verbose addNamed [ null, '>=3.8.1-0 <3.9.0-0' ]
19 silly lockFile 3b57c4b6-mangoose-3-8-1 mangoose@~3.8.1
20 verbose lock mangoose@~3.8.1 C:\Users\Ganesha\AppData\Roaming\npm-cache\3b57c4b6-mangoose-3-8-1.lock
21 silly addNameRange { name: 'mangoose', range: '>=3.8.1-0 <3.9.0-0', hasData: false }
22 verbose request where is /mangoose
23 verbose request registry https://registry.npmjs.org/
24 verbose request id e8bf4de534c893c6
25 verbose url raw /mangoose
26 verbose url resolving [ 'https://registry.npmjs.org/', './mangoose' ]
27 verbose url resolved https://registry.npmjs.org/mangoose
28 verbose request where is https://registry.npmjs.org/mangoose
29 info trying registry request attempt 1 at 22:09:46
30 http GET https://registry.npmjs.org/mangoose
31 http 404 https://registry.npmjs.org/mangoose
32 verbose headers { server: 'CouchDB/1.5.0 (Erlang OTP/R16B03)',
32 verbose headers   'content-type': 'application/json',
32 verbose headers   'cache-control': 'max-age=0',
32 verbose headers   'content-length': '51',
32 verbose headers   'accept-ranges': 'bytes',
32 verbose headers   date: 'Tue, 14 Jul 2015 16:39:45 GMT',
32 verbose headers   via: '1.1 varnish',
32 verbose headers   age: '0',
32 verbose headers   connection: 'keep-alive',
32 verbose headers   'x-served-by': 'cache-sin6921-SIN',
32 verbose headers   'x-cache': 'MISS',
32 verbose headers   'x-cache-hits': '0',
32 verbose headers   'x-timer': 'S1436891985.039710,VS0,VE222' }
33 silly registry.get cb [ 404,
33 silly registry.get   { server: 'CouchDB/1.5.0 (Erlang OTP/R16B03)',
33 silly registry.get     'content-type': 'application/json',
33 silly registry.get     'cache-control': 'max-age=0',
33 silly registry.get     'content-length': '51',
33 silly registry.get     'accept-ranges': 'bytes',
33 silly registry.get     date: 'Tue, 14 Jul 2015 16:39:45 GMT',
33 silly registry.get     via: '1.1 varnish',
33 silly registry.get     age: '0',
33 silly registry.get     connection: 'keep-alive',
33 silly registry.get     'x-served-by': 'cache-sin6921-SIN',
33 silly registry.get     'x-cache': 'MISS',
33 silly registry.get     'x-cache-hits': '0',
33 silly registry.get     'x-timer': 'S1436891985.039710,VS0,VE222' } ]
34 silly lockFile 3b57c4b6-mangoose-3-8-1 mangoose@~3.8.1
35 silly lockFile 3b57c4b6-mangoose-3-8-1 mangoose@~3.8.1
36 error 404 404 Not Found: mangoose
36 error 404
36 error 404 'mangoose' is not in the npm registry.
36 error 404 You should bug the author to publish it
36 error 404 It was specified as a dependency of 'naive'
36 error 404
36 error 404 Note that you can also install from a
36 error 404 tarball, folder, or http url, or git url.
37 error System Windows_NT 6.2.9200
38 error command "C:\\Program Files\\nodejs\\\\node.exe" "C:\\Program Files\\nodejs\\node_modules\\npm\\bin\\npm-cli.js" "install"
39 error cwd C:\Users\Ganesha\Desktop\server
40 error node -v v0.10.33
41 error npm -v 1.4.28
42 error code E404
43 verbose exit [ 1, true ]
